<?xml version="1.0" encoding="UTF-8"?>
<testng-results skipped="0" failed="0" total="1" passed="1">
  <reporter-output>
  </reporter-output>
  <suite name="Default suite" duration-ms="13921" started-at="2017-07-01T11:00:25Z" finished-at="2017-07-01T11:00:39Z">
    <groups>
    </groups>
    <test name="Default test" duration-ms="13921" started-at="2017-07-01T11:00:25Z" finished-at="2017-07-01T11:00:39Z">
      <class name="testcases.TC_002">
        <test-method status="PASS" signature="tc001()[pri:0, instance:testcases.TC_002@50675690]" name="tc001" duration-ms="13885" started-at="2017-07-01T16:30:25Z" finished-at="2017-07-01T16:30:39Z">
          <reporter-output>
          </reporter-output>
        </test-method> <!-- tc001 -->
      </class> <!-- testcases.TC_002 -->
    </test> <!-- Default test -->
  </suite> <!-- Default suite -->
</testng-results>
